<?xml version="1.0" encoding="UTF-8"?>
<testng-results skipped="0" failed="0" ignored="6" total="8" passed="2">
  <reporter-output>
  </reporter-output>
  <suite name="Sanity" duration-ms="23" started-at="2023-04-18T10:31:22Z" finished-at="2023-04-18T10:31:22Z">
    <groups>
      <group name="Regression">
        <method signature="HomeLoanTest.test2()[pri:0, instance:Testcases.HomeLoanTest@71bbf57e]" name="test2" class="Testcases.HomeLoanTest"/>
      </group> <!-- Regression -->
      <group name="sanity">
        <method signature="CreditCardTest.test4()[pri:0, instance:Testcases.CreditCardTest@2d6eabae]" name="test4" class="Testcases.CreditCardTest"/>
        <method signature="HomeLoanTest.test2()[pri:0, instance:Testcases.HomeLoanTest@71bbf57e]" name="test2" class="Testcases.HomeLoanTest"/>
      </group> <!-- sanity -->
    </groups>
    <test name="Test" duration-ms="23" started-at="2023-04-18T10:31:22Z" finished-at="2023-04-18T10:31:22Z">
      <class name="Testcases.CreditCardTest">
        <test-method status="PASS" signature="method1()[pri:0, instance:Testcases.CreditCardTest@2d6eabae]" name="method1" is-config="true" duration-ms="0" started-at="2023-04-18T10:31:22Z" finished-at="2023-04-18T10:31:22Z">
          <reporter-output>
          </reporter-output>
        </test-method> <!-- method1 -->
        <test-method status="PASS" signature="test4()[pri:0, instance:Testcases.CreditCardTest@2d6eabae]" name="test4" duration-ms="1" started-at="2023-04-18T10:31:22Z" finished-at="2023-04-18T10:31:22Z">
          <reporter-output>
          </reporter-output>
        </test-method> <!-- test4 -->
        <test-method status="PASS" signature="method2()[pri:0, instance:Testcases.CreditCardTest@2d6eabae]" name="method2" is-config="true" duration-ms="0" started-at="2023-04-18T10:31:22Z" finished-at="2023-04-18T10:31:22Z">
          <reporter-output>
          </reporter-output>
        </test-method> <!-- method2 -->
      </class> <!-- Testcases.CreditCardTest -->
      <class name="Testcases.HomeLoanTest">
        <test-method status="PASS" signature="method3()[pri:0, instance:Testcases.HomeLoanTest@71bbf57e]" name="method3" is-config="true" duration-ms="7" started-at="2023-04-18T10:31:22Z" finished-at="2023-04-18T10:31:22Z">
          <reporter-output>
          </reporter-output>
        </test-method> <!-- method3 -->
        <test-method status="PASS" signature="method1()[pri:0, instance:Testcases.HomeLoanTest@71bbf57e]" name="method1" is-config="true" duration-ms="0" started-at="2023-04-18T10:31:22Z" finished-at="2023-04-18T10:31:22Z">
          <reporter-output>
          </reporter-output>
        </test-method> <!-- method1 -->
        <test-method status="PASS" signature="test2()[pri:0, instance:Testcases.HomeLoanTest@71bbf57e]" name="test2" duration-ms="1" started-at="2023-04-18T10:31:22Z" finished-at="2023-04-18T10:31:22Z">
          <reporter-output>
          </reporter-output>
        </test-method> <!-- test2 -->
        <test-method status="PASS" signature="method2()[pri:0, instance:Testcases.HomeLoanTest@71bbf57e]" name="method2" is-config="true" duration-ms="0" started-at="2023-04-18T10:31:22Z" finished-at="2023-04-18T10:31:22Z">
          <reporter-output>
          </reporter-output>
        </test-method> <!-- method2 -->
        <test-method status="PASS" signature="method4()[pri:0, instance:Testcases.HomeLoanTest@71bbf57e]" name="method4" is-config="true" duration-ms="0" started-at="2023-04-18T10:31:22Z" finished-at="2023-04-18T10:31:22Z">
          <reporter-output>
          </reporter-output>
        </test-method> <!-- method4 -->
      </class> <!-- Testcases.HomeLoanTest -->
    </test> <!-- Test -->
  </suite> <!-- Sanity -->
</testng-results>
