<?xml version="1.0" encoding="UTF-8"?>
<testng-results skipped="0" failed="0" ignored="4" total="8" passed="4">
  <reporter-output>
  </reporter-output>
  <suite name="Suite" duration-ms="50" started-at="2023-04-18T08:06:17Z" finished-at="2023-04-18T08:06:17Z">
    <groups>
      <group name="Regression">
        <method signature="HomeLoanTest.test2()[pri:0, instance:Testcases.HomeLoanTest@23d2a7e8]" name="test2" class="Testcases.HomeLoanTest"/>
      </group> <!-- Regression -->
      <group name="sanity">
        <method signature="CreditCardTest.test4()[pri:0, instance:Testcases.CreditCardTest@7ce6a65d]" name="test4" class="Testcases.CreditCardTest"/>
        <method signature="HomeLoanTest.test2()[pri:0, instance:Testcases.HomeLoanTest@23d2a7e8]" name="test2" class="Testcases.HomeLoanTest"/>
      </group> <!-- sanity -->
    </groups>
    <test name="Test" duration-ms="50" started-at="2023-04-18T08:06:17Z" finished-at="2023-04-18T08:06:17Z">
      <class name="Testcases.CreditCardTest">
        <test-method status="PASS" signature="method1()[pri:0, instance:Testcases.CreditCardTest@7ce6a65d]" name="method1" is-config="true" duration-ms="0" started-at="2023-04-18T08:06:17Z" finished-at="2023-04-18T08:06:17Z">
          <reporter-output>
          </reporter-output>
        </test-method> <!-- method1 -->
        <test-method status="PASS" signature="test4()[pri:0, instance:Testcases.CreditCardTest@7ce6a65d]" name="test4" duration-ms="1" started-at="2023-04-18T08:06:17Z" finished-at="2023-04-18T08:06:17Z">
          <reporter-output>
          </reporter-output>
        </test-method> <!-- test4 -->
        <test-method status="PASS" signature="method2()[pri:0, instance:Testcases.CreditCardTest@7ce6a65d]" name="method2" is-config="true" duration-ms="1" started-at="2023-04-18T08:06:17Z" finished-at="2023-04-18T08:06:17Z">
          <reporter-output>
          </reporter-output>
        </test-method> <!-- method2 -->
      </class> <!-- Testcases.CreditCardTest -->
      <class name="Testcases.HomeLoanTest">
        <test-method status="PASS" signature="method3()[pri:0, instance:Testcases.HomeLoanTest@23d2a7e8]" name="method3" is-config="true" duration-ms="10" started-at="2023-04-18T08:06:17Z" finished-at="2023-04-18T08:06:17Z">
          <reporter-output>
          </reporter-output>
        </test-method> <!-- method3 -->
        <test-method status="PASS" signature="method1()[pri:0, instance:Testcases.HomeLoanTest@23d2a7e8]" name="method1" is-config="true" duration-ms="1" started-at="2023-04-18T08:06:17Z" finished-at="2023-04-18T08:06:17Z">
          <reporter-output>
          </reporter-output>
        </test-method> <!-- method1 -->
        <test-method status="PASS" signature="test2()[pri:0, instance:Testcases.HomeLoanTest@23d2a7e8]" name="test2" duration-ms="5" started-at="2023-04-18T08:06:17Z" finished-at="2023-04-18T08:06:17Z">
          <reporter-output>
          </reporter-output>
        </test-method> <!-- test2 -->
        <test-method status="PASS" signature="method2()[pri:0, instance:Testcases.HomeLoanTest@23d2a7e8]" name="method2" is-config="true" duration-ms="0" started-at="2023-04-18T08:06:17Z" finished-at="2023-04-18T08:06:17Z">
          <reporter-output>
          </reporter-output>
        </test-method> <!-- method2 -->
        <test-method status="PASS" signature="method1()[pri:0, instance:Testcases.HomeLoanTest@23d2a7e8]" name="method1" is-config="true" duration-ms="1" started-at="2023-04-18T08:06:17Z" finished-at="2023-04-18T08:06:17Z">
          <reporter-output>
          </reporter-output>
        </test-method> <!-- method1 -->
        <test-method status="PASS" signature="test1()[pri:0, instance:Testcases.HomeLoanTest@23d2a7e8]" name="test1" duration-ms="1" started-at="2023-04-18T08:06:17Z" depends-on-methods="Testcases.HomeLoanTest.test2" finished-at="2023-04-18T08:06:17Z">
          <reporter-output>
          </reporter-output>
        </test-method> <!-- test1 -->
        <test-method status="PASS" signature="method2()[pri:0, instance:Testcases.HomeLoanTest@23d2a7e8]" name="method2" is-config="true" duration-ms="0" started-at="2023-04-18T08:06:17Z" finished-at="2023-04-18T08:06:17Z">
          <reporter-output>
          </reporter-output>
        </test-method> <!-- method2 -->
        <test-method status="PASS" signature="method4()[pri:0, instance:Testcases.HomeLoanTest@23d2a7e8]" name="method4" is-config="true" duration-ms="0" started-at="2023-04-18T08:06:17Z" finished-at="2023-04-18T08:06:17Z">
          <reporter-output>
          </reporter-output>
        </test-method> <!-- method4 -->
      </class> <!-- Testcases.HomeLoanTest -->
      <class name="Testcases.CarLoanTest">
        <test-method status="PASS" signature="test3()[pri:2, instance:Testcases.CarLoanTest@4abdb505]" name="test3" duration-ms="1" started-at="2023-04-18T08:06:17Z" finished-at="2023-04-18T08:06:17Z">
          <reporter-output>
          </reporter-output>
        </test-method> <!-- test3 -->
        <test-method status="PASS" signature="method1()[pri:0, instance:Testcases.CarLoanTest@4abdb505]" name="method1" is-config="true" duration-ms="0" started-at="2023-04-18T08:06:17Z" finished-at="2023-04-18T08:06:17Z">
          <reporter-output>
          </reporter-output>
        </test-method> <!-- method1 -->
        <test-method status="PASS" signature="method2()[pri:0, instance:Testcases.CarLoanTest@4abdb505]" name="method2" is-config="true" duration-ms="0" started-at="2023-04-18T08:06:17Z" finished-at="2023-04-18T08:06:17Z">
          <reporter-output>
          </reporter-output>
        </test-method> <!-- method2 -->
      </class> <!-- Testcases.CarLoanTest -->
    </test> <!-- Test -->
  </suite> <!-- Suite -->
</testng-results>
