<?xml version="1.0" encoding="UTF-8"?>
<!-- Generated by org.testng.reporters.JUnitXMLReporter -->
<testsuite hostname="ip-172-31-18-198" ignored="6" name="Test" tests="2" failures="0" timestamp="18 Apr 2023 10:31:22 GMT" time="0.023" errors="0">
  <testcase name="test2" time="0.001" classname="Testcases.HomeLoanTest"/>
  <testcase name="test4" time="0.001" classname="Testcases.CreditCardTest"/>
  <testcase name="test3" time="0.0" classname="Testcases.CarLoanTest">
    <ignored/>
  </testcase> <!-- test3 -->
  <testcase name="test1" time="0.0" classname="Testcases.HomeLoanTest">
    <ignored/>
  </testcase> <!-- test1 -->
  <testcase name="@BeforeTest method3" time="0.0" classname="Testcases.BaseClass">
    <ignored/>
  </testcase> <!-- @BeforeTest method3 -->
  <testcase name="@BeforeTest method3" time="0.0" classname="Testcases.BaseClass">
    <ignored/>
  </testcase> <!-- @BeforeTest method3 -->
  <testcase name="@AfterTest method4" time="0.0" classname="Testcases.BaseClass">
    <ignored/>
  </testcase> <!-- @AfterTest method4 -->
  <testcase name="@AfterTest method4" time="0.0" classname="Testcases.BaseClass">
    <ignored/>
  </testcase> <!-- @AfterTest method4 -->
</testsuite> <!-- Test -->
